2019-07-26 10:32:28,660 INFO ru.sberbank.javaschool.edu.Application [main] Starting Application on w8-PC with PID 6544 (D:\PROJECTS\Development\GIT\SbrProject\out\production\classes started by w8 in D:\PROJECTS\Development\GIT\SbrProject)
2019-07-26 10:32:28,662 DEBUG ru.sberbank.javaschool.edu.Application [main] Running with Spring Boot v2.1.6.RELEASE, Spring v5.1.8.RELEASE
2019-07-26 10:32:28,662 INFO ru.sberbank.javaschool.edu.Application [main] The following profiles are active: dev
2019-07-26 10:32:57,399 INFO ru.sberbank.javaschool.edu.Application [main] Started Application in 29.502 seconds (JVM running for 30.156)
2019-07-26 10:33:08,360 DEBUG ru.sberbank.javaschool.edu.controller.UserController [http-nio-8080-exec-6] first access time : 2019-07-26T10:33:08.360
session id: 4b421470-031a-4cc9-b3c5-23c8d41f42b0
User login admin
2019-07-26 10:36:44,727 INFO ru.sberbank.javaschool.edu.Application [main] Starting Application on w8-PC with PID 1936 (D:\PROJECTS\Development\GIT\SbrProject\out\production\classes started by w8 in D:\PROJECTS\Development\GIT\SbrProject)
2019-07-26 10:36:44,729 DEBUG ru.sberbank.javaschool.edu.Application [main] Running with Spring Boot v2.1.6.RELEASE, Spring v5.1.8.RELEASE
2019-07-26 10:36:44,729 INFO ru.sberbank.javaschool.edu.Application [main] The following profiles are active: dev
2019-07-26 10:36:55,642 INFO ru.sberbank.javaschool.edu.Application [main] Started Application in 11.561 seconds (JVM running for 12.136)
2019-07-26 10:36:58,495 DEBUG ru.sberbank.javaschool.edu.controller.UserController [http-nio-8080-exec-1] first access time : 2019-07-26T10:33:08.360
session id: 4b421470-031a-4cc9-b3c5-23c8d41f42b0
User login admin
2019-07-26 10:37:31,953 INFO ru.sberbank.javaschool.edu.controller.HelloController [http-nio-8080-exec-8] Main page
2019-07-26 10:37:36,650 DEBUG ru.sberbank.javaschool.edu.controller.UserController [http-nio-8080-exec-9] first access time : 2019-07-26T10:33:08.360
session id: 4b421470-031a-4cc9-b3c5-23c8d41f42b0
User login admin
2019-07-26 10:38:07,425 INFO ru.sberbank.javaschool.edu.Application [main] Starting Application on w8-PC with PID 8460 (D:\PROJECTS\Development\GIT\SbrProject\out\production\classes started by w8 in D:\PROJECTS\Development\GIT\SbrProject)
2019-07-26 10:38:07,427 DEBUG ru.sberbank.javaschool.edu.Application [main] Running with Spring Boot v2.1.6.RELEASE, Spring v5.1.8.RELEASE
2019-07-26 10:38:07,427 INFO ru.sberbank.javaschool.edu.Application [main] The following profiles are active: dev
2019-07-26 10:38:13,293 INFO ru.sberbank.javaschool.edu.Application [main] Started Application in 6.579 seconds (JVM running for 7.136)
2019-07-26 10:38:17,749 DEBUG ru.sberbank.javaschool.edu.controller.UserController [http-nio-8080-exec-1] first access time : 2019-07-26T10:33:08.360
session id: 4b421470-031a-4cc9-b3c5-23c8d41f42b0
User login admin
2019-07-26 10:38:43,611 INFO ru.sberbank.javaschool.edu.Application [main] Starting Application on w8-PC with PID 10424 (D:\PROJECTS\Development\GIT\SbrProject\out\production\classes started by w8 in D:\PROJECTS\Development\GIT\SbrProject)
2019-07-26 10:38:43,613 DEBUG ru.sberbank.javaschool.edu.Application [main] Running with Spring Boot v2.1.6.RELEASE, Spring v5.1.8.RELEASE
2019-07-26 10:38:43,613 INFO ru.sberbank.javaschool.edu.Application [main] The following profiles are active: dev
2019-07-26 10:38:55,178 INFO ru.sberbank.javaschool.edu.Application [main] Started Application in 12.412 seconds (JVM running for 13.125)
2019-07-26 10:39:26,150 INFO ru.sberbank.javaschool.edu.Application [main] Starting Application on w8-PC with PID 2384 (D:\PROJECTS\Development\GIT\SbrProject\out\production\classes started by w8 in D:\PROJECTS\Development\GIT\SbrProject)
2019-07-26 10:39:26,165 DEBUG ru.sberbank.javaschool.edu.Application [main] Running with Spring Boot v2.1.6.RELEASE, Spring v5.1.8.RELEASE
2019-07-26 10:39:26,165 INFO ru.sberbank.javaschool.edu.Application [main] The following profiles are active: dev
2019-07-26 10:39:32,632 INFO ru.sberbank.javaschool.edu.Application [main] Started Application in 7.544 seconds (JVM running for 8.295)
2019-07-26 10:40:17,470 INFO ru.sberbank.javaschool.edu.Application [main] Starting Application on w8-PC with PID 10260 (D:\PROJECTS\Development\GIT\SbrProject\out\production\classes started by w8 in D:\PROJECTS\Development\GIT\SbrProject)
2019-07-26 10:40:17,470 DEBUG ru.sberbank.javaschool.edu.Application [main] Running with Spring Boot v2.1.6.RELEASE, Spring v5.1.8.RELEASE
2019-07-26 10:40:17,470 INFO ru.sberbank.javaschool.edu.Application [main] The following profiles are active: dev
2019-07-26 10:40:28,894 INFO ru.sberbank.javaschool.edu.Application [main] Started Application in 12.32 seconds (JVM running for 13.014)
2019-07-26 10:41:31,551 INFO ru.sberbank.javaschool.edu.Application [main] Starting Application on w8-PC with PID 5536 (D:\PROJECTS\Development\GIT\SbrProject\out\production\classes started by w8 in D:\PROJECTS\Development\GIT\SbrProject)
2019-07-26 10:41:31,552 DEBUG ru.sberbank.javaschool.edu.Application [main] Running with Spring Boot v2.1.6.RELEASE, Spring v5.1.8.RELEASE
2019-07-26 10:41:31,552 INFO ru.sberbank.javaschool.edu.Application [main] The following profiles are active: dev
2019-07-26 10:41:37,412 INFO ru.sberbank.javaschool.edu.Application [main] Started Application in 6.478 seconds (JVM running for 7.037)
2019-07-26 10:47:48,149 INFO ru.sberbank.javaschool.edu.Application [main] Starting Application on w8-PC with PID 7152 (D:\PROJECTS\Development\GIT\SbrProject\out\production\classes started by w8 in D:\PROJECTS\Development\GIT\SbrProject)
2019-07-26 10:47:48,151 DEBUG ru.sberbank.javaschool.edu.Application [main] Running with Spring Boot v2.1.6.RELEASE, Spring v5.1.8.RELEASE
2019-07-26 10:47:48,151 INFO ru.sberbank.javaschool.edu.Application [main] The following profiles are active: dev
2019-07-26 10:47:54,543 INFO ru.sberbank.javaschool.edu.Application [main] Started Application in 7.398 seconds (JVM running for 8.036)
2019-07-26 10:49:25,754 INFO ru.sberbank.javaschool.edu.Application [main] Starting Application on w8-PC with PID 8648 (D:\PROJECTS\Development\GIT\SbrProject\out\production\classes started by w8 in D:\PROJECTS\Development\GIT\SbrProject)
2019-07-26 10:49:25,755 DEBUG ru.sberbank.javaschool.edu.Application [main] Running with Spring Boot v2.1.6.RELEASE, Spring v5.1.8.RELEASE
2019-07-26 10:49:25,756 INFO ru.sberbank.javaschool.edu.Application [main] The following profiles are active: dev
2019-07-26 10:49:32,260 INFO ru.sberbank.javaschool.edu.Application [main] Started Application in 7.232 seconds (JVM running for 7.881)
2019-07-26 10:50:38,599 INFO ru.sberbank.javaschool.edu.Application [main] Starting Application on w8-PC with PID 4380 (D:\PROJECTS\Development\GIT\SbrProject\out\production\classes started by w8 in D:\PROJECTS\Development\GIT\SbrProject)
2019-07-26 10:50:38,601 DEBUG ru.sberbank.javaschool.edu.Application [main] Running with Spring Boot v2.1.6.RELEASE, Spring v5.1.8.RELEASE
2019-07-26 10:50:38,602 INFO ru.sberbank.javaschool.edu.Application [main] The following profiles are active: dev
2019-07-26 10:50:45,014 INFO ru.sberbank.javaschool.edu.Application [main] Started Application in 7.302 seconds (JVM running for 7.989)
2019-07-26 10:52:04,935 INFO ru.sberbank.javaschool.edu.Application [main] Starting Application on w8-PC with PID 4132 (D:\PROJECTS\Development\GIT\SbrProject\out\production\classes started by w8 in D:\PROJECTS\Development\GIT\SbrProject)
2019-07-26 10:52:04,937 DEBUG ru.sberbank.javaschool.edu.Application [main] Running with Spring Boot v2.1.6.RELEASE, Spring v5.1.8.RELEASE
2019-07-26 10:52:04,937 INFO ru.sberbank.javaschool.edu.Application [main] The following profiles are active: dev
2019-07-26 10:52:39,071 INFO ru.sberbank.javaschool.edu.Application [main] Started Application in 35.614 seconds (JVM running for 36.254)
2019-07-26 10:55:34,681 INFO ru.sberbank.javaschool.edu.Application [main] Starting Application on w8-PC with PID 11512 (D:\PROJECTS\Development\GIT\SbrProject\out\production\classes started by w8 in D:\PROJECTS\Development\GIT\SbrProject)
2019-07-26 10:55:34,681 DEBUG ru.sberbank.javaschool.edu.Application [main] Running with Spring Boot v2.1.6.RELEASE, Spring v5.1.8.RELEASE
2019-07-26 10:55:34,681 INFO ru.sberbank.javaschool.edu.Application [main] The following profiles are active: dev
2019-07-26 10:55:40,793 INFO ru.sberbank.javaschool.edu.Application [main] Started Application in 7.523 seconds (JVM running for 8.294)
2019-07-26 10:56:27,486 INFO ru.sberbank.javaschool.edu.Application [main] Starting Application on w8-PC with PID 2712 (D:\PROJECTS\Development\GIT\SbrProject\out\production\classes started by w8 in D:\PROJECTS\Development\GIT\SbrProject)
2019-07-26 10:56:27,487 DEBUG ru.sberbank.javaschool.edu.Application [main] Running with Spring Boot v2.1.6.RELEASE, Spring v5.1.8.RELEASE
2019-07-26 10:56:27,488 INFO ru.sberbank.javaschool.edu.Application [main] The following profiles are active: dev
2019-07-26 10:56:41,978 INFO ru.sberbank.javaschool.edu.Application [main] Started Application in 15.373 seconds (JVM running for 16.061)
2019-07-26 11:08:26,938 INFO ru.sberbank.javaschool.edu.Application [main] Starting Application on w8-PC with PID 11704 (D:\PROJECTS\Development\GIT\SbrProject\out\production\classes started by w8 in D:\PROJECTS\Development\GIT\SbrProject)
2019-07-26 11:08:26,940 DEBUG ru.sberbank.javaschool.edu.Application [main] Running with Spring Boot v2.1.6.RELEASE, Spring v5.1.8.RELEASE
2019-07-26 11:08:26,940 INFO ru.sberbank.javaschool.edu.Application [main] The following profiles are active: dev
2019-07-26 11:08:33,181 INFO ru.sberbank.javaschool.edu.Application [main] Started Application in 7.464 seconds (JVM running for 8.09)
2019-07-26 11:09:00,937 INFO ru.sberbank.javaschool.edu.Application [main] Starting Application on w8-PC with PID 2388 (D:\PROJECTS\Development\GIT\SbrProject\out\production\classes started by w8 in D:\PROJECTS\Development\GIT\SbrProject)
2019-07-26 11:09:00,939 DEBUG ru.sberbank.javaschool.edu.Application [main] Running with Spring Boot v2.1.6.RELEASE, Spring v5.1.8.RELEASE
2019-07-26 11:09:00,939 INFO ru.sberbank.javaschool.edu.Application [main] The following profiles are active: dev
2019-07-26 11:09:06,991 INFO ru.sberbank.javaschool.edu.Application [main] Started Application in 7.342 seconds (JVM running for 8.136)
2019-07-26 11:11:12,152 INFO ru.sberbank.javaschool.edu.Application [main] Starting Application on w8-PC with PID 7012 (D:\PROJECTS\Development\GIT\SbrProject\out\production\classes started by w8 in D:\PROJECTS\Development\GIT\SbrProject)
2019-07-26 11:11:12,153 DEBUG ru.sberbank.javaschool.edu.Application [main] Running with Spring Boot v2.1.6.RELEASE, Spring v5.1.8.RELEASE
2019-07-26 11:11:12,154 INFO ru.sberbank.javaschool.edu.Application [main] The following profiles are active: dev
2019-07-26 11:11:18,772 INFO ru.sberbank.javaschool.edu.Application [main] Started Application in 7.69 seconds (JVM running for 8.324)
2019-07-26 11:14:04,581 INFO ru.sberbank.javaschool.edu.Application [main] Starting Application on w8-PC with PID 7576 (D:\PROJECTS\Development\GIT\SbrProject\out\production\classes started by w8 in D:\PROJECTS\Development\GIT\SbrProject)
2019-07-26 11:14:04,583 DEBUG ru.sberbank.javaschool.edu.Application [main] Running with Spring Boot v2.1.6.RELEASE, Spring v5.1.8.RELEASE
2019-07-26 11:14:04,583 INFO ru.sberbank.javaschool.edu.Application [main] The following profiles are active: dev
2019-07-26 11:14:11,052 INFO ru.sberbank.javaschool.edu.Application [main] Started Application in 7.108 seconds (JVM running for 7.698)
2019-07-26 11:15:12,845 INFO ru.sberbank.javaschool.edu.Application [main] Starting Application on w8-PC with PID 5204 (D:\PROJECTS\Development\GIT\SbrProject\out\production\classes started by w8 in D:\PROJECTS\Development\GIT\SbrProject)
2019-07-26 11:15:12,847 DEBUG ru.sberbank.javaschool.edu.Application [main] Running with Spring Boot v2.1.6.RELEASE, Spring v5.1.8.RELEASE
2019-07-26 11:15:12,847 INFO ru.sberbank.javaschool.edu.Application [main] The following profiles are active: dev
2019-07-26 11:15:19,169 INFO ru.sberbank.javaschool.edu.Application [main] Started Application in 7.451 seconds (JVM running for 8.084)
2019-07-26 11:16:27,291 INFO ru.sberbank.javaschool.edu.Application [main] Starting Application on w8-PC with PID 7492 (D:\PROJECTS\Development\GIT\SbrProject\out\production\classes started by w8 in D:\PROJECTS\Development\GIT\SbrProject)
2019-07-26 11:16:27,293 DEBUG ru.sberbank.javaschool.edu.Application [main] Running with Spring Boot v2.1.6.RELEASE, Spring v5.1.8.RELEASE
2019-07-26 11:16:27,294 INFO ru.sberbank.javaschool.edu.Application [main] The following profiles are active: dev
2019-07-26 11:16:33,818 INFO ru.sberbank.javaschool.edu.Application [main] Started Application in 7.265 seconds (JVM running for 7.885)
2019-07-26 11:19:23,917 INFO ru.sberbank.javaschool.edu.Application [main] Starting Application on w8-PC with PID 2912 (D:\PROJECTS\Development\GIT\SbrProject\out\production\classes started by w8 in D:\PROJECTS\Development\GIT\SbrProject)
2019-07-26 11:19:23,919 DEBUG ru.sberbank.javaschool.edu.Application [main] Running with Spring Boot v2.1.6.RELEASE, Spring v5.1.8.RELEASE
2019-07-26 11:19:23,919 INFO ru.sberbank.javaschool.edu.Application [main] The following profiles are active: dev
2019-07-26 11:19:35,148 INFO ru.sberbank.javaschool.edu.Application [main] Started Application in 12.137 seconds (JVM running for 13.083)
2019-07-26 11:19:46,762 INFO ru.sberbank.javaschool.edu.Application [main] Starting Application on w8-PC with PID 3076 (D:\PROJECTS\Development\GIT\SbrProject\out\production\classes started by w8 in D:\PROJECTS\Development\GIT\SbrProject)
2019-07-26 11:19:46,764 DEBUG ru.sberbank.javaschool.edu.Application [main] Running with Spring Boot v2.1.6.RELEASE, Spring v5.1.8.RELEASE
2019-07-26 11:19:46,764 INFO ru.sberbank.javaschool.edu.Application [main] The following profiles are active: dev
2019-07-26 11:20:20,902 INFO ru.sberbank.javaschool.edu.Application [main] Started Application in 35.458 seconds (JVM running for 36.113)
2019-07-26 11:21:07,747 INFO ru.sberbank.javaschool.edu.Application [main] Starting Application on w8-PC with PID 5224 (D:\PROJECTS\Development\GIT\SbrProject\out\production\classes started by w8 in D:\PROJECTS\Development\GIT\SbrProject)
2019-07-26 11:21:07,748 DEBUG ru.sberbank.javaschool.edu.Application [main] Running with Spring Boot v2.1.6.RELEASE, Spring v5.1.8.RELEASE
2019-07-26 11:21:07,749 INFO ru.sberbank.javaschool.edu.Application [main] The following profiles are active: dev
2019-07-26 11:21:41,958 INFO ru.sberbank.javaschool.edu.Application [main] Started Application in 34.899 seconds (JVM running for 35.497)
2019-07-26 11:24:44,733 INFO ru.sberbank.javaschool.edu.Application [main] Starting Application on w8-PC with PID 8136 (D:\PROJECTS\Development\GIT\SbrProject\out\production\classes started by w8 in D:\PROJECTS\Development\GIT\SbrProject)
2019-07-26 11:24:44,734 DEBUG ru.sberbank.javaschool.edu.Application [main] Running with Spring Boot v2.1.6.RELEASE, Spring v5.1.8.RELEASE
2019-07-26 11:24:44,734 INFO ru.sberbank.javaschool.edu.Application [main] The following profiles are active: dev
2019-07-26 11:24:55,524 INFO ru.sberbank.javaschool.edu.Application [main] Started Application in 11.432 seconds (JVM running for 12.042)
2019-07-26 11:30:02,575 INFO ru.sberbank.javaschool.edu.Application [main] Starting Application on w8-PC with PID 4664 (D:\PROJECTS\Development\GIT\SbrProject\out\production\classes started by w8 in D:\PROJECTS\Development\GIT\SbrProject)
2019-07-26 11:30:02,577 DEBUG ru.sberbank.javaschool.edu.Application [main] Running with Spring Boot v2.1.6.RELEASE, Spring v5.1.8.RELEASE
2019-07-26 11:30:02,577 INFO ru.sberbank.javaschool.edu.Application [main] The following profiles are active: dev
2019-07-26 11:30:36,752 INFO ru.sberbank.javaschool.edu.Application [main] Started Application in 35.455 seconds (JVM running for 36.402)
2019-07-26 11:33:32,043 INFO ru.sberbank.javaschool.edu.Application [main] Starting Application on w8-PC with PID 6188 (D:\PROJECTS\Development\GIT\SbrProject\out\production\classes started by w8 in D:\PROJECTS\Development\GIT\SbrProject)
2019-07-26 11:33:32,044 DEBUG ru.sberbank.javaschool.edu.Application [main] Running with Spring Boot v2.1.6.RELEASE, Spring v5.1.8.RELEASE
2019-07-26 11:33:32,044 INFO ru.sberbank.javaschool.edu.Application [main] The following profiles are active: dev
2019-07-26 11:33:42,947 INFO ru.sberbank.javaschool.edu.Application [main] Started Application in 11.601 seconds (JVM running for 12.215)
2019-07-26 11:34:49,381 INFO ru.sberbank.javaschool.edu.Application [main] Starting Application on w8-PC with PID 1420 (D:\PROJECTS\Development\GIT\SbrProject\out\production\classes started by w8 in D:\PROJECTS\Development\GIT\SbrProject)
2019-07-26 11:34:49,382 DEBUG ru.sberbank.javaschool.edu.Application [main] Running with Spring Boot v2.1.6.RELEASE, Spring v5.1.8.RELEASE
2019-07-26 11:34:49,382 INFO ru.sberbank.javaschool.edu.Application [main] The following profiles are active: dev
2019-07-26 11:34:55,175 INFO ru.sberbank.javaschool.edu.Application [main] Started Application in 6.549 seconds (JVM running for 7.15)
2019-07-26 11:38:29,782 INFO ru.sberbank.javaschool.edu.Application [main] Starting Application on w8-PC with PID 3880 (D:\PROJECTS\Development\GIT\SbrProject\out\production\classes started by w8 in D:\PROJECTS\Development\GIT\SbrProject)
2019-07-26 11:38:29,783 DEBUG ru.sberbank.javaschool.edu.Application [main] Running with Spring Boot v2.1.6.RELEASE, Spring v5.1.8.RELEASE
2019-07-26 11:38:29,783 INFO ru.sberbank.javaschool.edu.Application [main] The following profiles are active: dev
2019-07-26 11:38:36,858 INFO ru.sberbank.javaschool.edu.Application [main] Started Application in 7.767 seconds (JVM running for 8.468)
2019-07-26 11:39:16,945 INFO ru.sberbank.javaschool.edu.Application [main] Starting Application on w8-PC with PID 10476 (D:\PROJECTS\Development\GIT\SbrProject\out\production\classes started by w8 in D:\PROJECTS\Development\GIT\SbrProject)
2019-07-26 11:39:16,947 DEBUG ru.sberbank.javaschool.edu.Application [main] Running with Spring Boot v2.1.6.RELEASE, Spring v5.1.8.RELEASE
2019-07-26 11:39:16,947 INFO ru.sberbank.javaschool.edu.Application [main] The following profiles are active: dev
2019-07-26 11:39:50,622 INFO ru.sberbank.javaschool.edu.Application [main] Starting Application on w8-PC with PID 9032 (D:\PROJECTS\Development\GIT\SbrProject\out\production\classes started by w8 in D:\PROJECTS\Development\GIT\SbrProject)
2019-07-26 11:39:50,624 DEBUG ru.sberbank.javaschool.edu.Application [main] Running with Spring Boot v2.1.6.RELEASE, Spring v5.1.8.RELEASE
2019-07-26 11:39:50,625 INFO ru.sberbank.javaschool.edu.Application [main] The following profiles are active: dev
2019-07-26 11:39:56,869 INFO ru.sberbank.javaschool.edu.Application [main] Started Application in 7.007 seconds (JVM running for 7.651)
2019-07-26 11:40:32,035 INFO ru.sberbank.javaschool.edu.Application [main] Starting Application on w8-PC with PID 4048 (D:\PROJECTS\Development\GIT\SbrProject\out\production\classes started by w8 in D:\PROJECTS\Development\GIT\SbrProject)
2019-07-26 11:40:32,037 DEBUG ru.sberbank.javaschool.edu.Application [main] Running with Spring Boot v2.1.6.RELEASE, Spring v5.1.8.RELEASE
2019-07-26 11:40:32,037 INFO ru.sberbank.javaschool.edu.Application [main] The following profiles are active: dev
2019-07-26 11:40:43,087 INFO ru.sberbank.javaschool.edu.Application [main] Started Application in 11.818 seconds (JVM running for 12.449)
2019-07-26 11:41:29,195 INFO ru.sberbank.javaschool.edu.Application [main] Starting Application on w8-PC with PID 7116 (D:\PROJECTS\Development\GIT\SbrProject\out\production\classes started by w8 in D:\PROJECTS\Development\GIT\SbrProject)
2019-07-26 11:41:29,197 DEBUG ru.sberbank.javaschool.edu.Application [main] Running with Spring Boot v2.1.6.RELEASE, Spring v5.1.8.RELEASE
2019-07-26 11:41:29,197 INFO ru.sberbank.javaschool.edu.Application [main] The following profiles are active: dev
2019-07-26 11:41:43,284 INFO ru.sberbank.javaschool.edu.Application [main] Started Application in 14.905 seconds (JVM running for 15.731)
2019-07-26 11:42:08,631 INFO ru.sberbank.javaschool.edu.Application [main] Starting Application on w8-PC with PID 9780 (D:\PROJECTS\Development\GIT\SbrProject\out\production\classes started by w8 in D:\PROJECTS\Development\GIT\SbrProject)
2019-07-26 11:42:08,633 DEBUG ru.sberbank.javaschool.edu.Application [main] Running with Spring Boot v2.1.6.RELEASE, Spring v5.1.8.RELEASE
2019-07-26 11:42:08,633 INFO ru.sberbank.javaschool.edu.Application [main] The following profiles are active: dev
2019-07-26 11:42:22,807 INFO ru.sberbank.javaschool.edu.Application [main] Started Application in 15.541 seconds (JVM running for 16.387)
2019-07-26 12:08:41,116 INFO ru.sberbank.javaschool.edu.Application [main] Starting Application on w8-PC with PID 11704 (D:\PROJECTS\Development\GIT\SbrProject\out\production\classes started by w8 in D:\PROJECTS\Development\GIT\SbrProject)
2019-07-26 12:08:41,117 DEBUG ru.sberbank.javaschool.edu.Application [main] Running with Spring Boot v2.1.6.RELEASE, Spring v5.1.8.RELEASE
2019-07-26 12:08:41,117 INFO ru.sberbank.javaschool.edu.Application [main] The following profiles are active: dev
2019-07-26 12:09:16,002 INFO ru.sberbank.javaschool.edu.Application [main] Started Application in 35.395 seconds (JVM running for 37.349)
2019-07-26 12:09:56,131 INFO ru.sberbank.javaschool.edu.Application [main] Starting Application on w8-PC with PID 10080 (D:\PROJECTS\Development\GIT\SbrProject\out\production\classes started by w8 in D:\PROJECTS\Development\GIT\SbrProject)
2019-07-26 12:09:56,132 DEBUG ru.sberbank.javaschool.edu.Application [main] Running with Spring Boot v2.1.6.RELEASE, Spring v5.1.8.RELEASE
2019-07-26 12:09:56,133 INFO ru.sberbank.javaschool.edu.Application [main] The following profiles are active: dev
2019-07-26 12:10:24,091 INFO ru.sberbank.javaschool.edu.Application [main] Started Application in 28.6 seconds (JVM running for 29.235)
2019-07-26 12:10:48,251 INFO ru.sberbank.javaschool.edu.Application [main] Starting Application on w8-PC with PID 12228 (D:\PROJECTS\Development\GIT\SbrProject\out\production\classes started by w8 in D:\PROJECTS\Development\GIT\SbrProject)
2019-07-26 12:10:48,253 DEBUG ru.sberbank.javaschool.edu.Application [main] Running with Spring Boot v2.1.6.RELEASE, Spring v5.1.8.RELEASE
2019-07-26 12:10:48,253 INFO ru.sberbank.javaschool.edu.Application [main] The following profiles are active: dev
2019-07-26 12:10:54,331 INFO ru.sberbank.javaschool.edu.Application [main] Started Application in 6.712 seconds (JVM running for 7.275)
2019-07-26 12:11:22,990 INFO ru.sberbank.javaschool.edu.Application [main] Starting Application on w8-PC with PID 11656 (D:\PROJECTS\Development\GIT\SbrProject\out\production\classes started by w8 in D:\PROJECTS\Development\GIT\SbrProject)
2019-07-26 12:11:22,991 DEBUG ru.sberbank.javaschool.edu.Application [main] Running with Spring Boot v2.1.6.RELEASE, Spring v5.1.8.RELEASE
2019-07-26 12:11:22,991 INFO ru.sberbank.javaschool.edu.Application [main] The following profiles are active: dev
2019-07-26 12:11:28,788 INFO ru.sberbank.javaschool.edu.Application [main] Started Application in 6.445 seconds (JVM running for 7.087)
2019-07-26 12:14:01,151 INFO ru.sberbank.javaschool.edu.Application [main] Starting Application on w8-PC with PID 8004 (D:\PROJECTS\Development\GIT\SbrProject\out\production\classes started by w8 in D:\PROJECTS\Development\GIT\SbrProject)
2019-07-26 12:14:01,153 DEBUG ru.sberbank.javaschool.edu.Application [main] Running with Spring Boot v2.1.6.RELEASE, Spring v5.1.8.RELEASE
2019-07-26 12:14:01,153 INFO ru.sberbank.javaschool.edu.Application [main] The following profiles are active: dev
2019-07-26 12:14:06,952 INFO ru.sberbank.javaschool.edu.Application [main] Started Application in 6.441 seconds (JVM running for 7.043)
2019-07-26 12:22:23,020 INFO ru.sberbank.javaschool.edu.Application [main] Starting Application on w8-PC with PID 5744 (D:\PROJECTS\Development\GIT\SbrProject\out\production\classes started by w8 in D:\PROJECTS\Development\GIT\SbrProject)
2019-07-26 12:22:23,022 DEBUG ru.sberbank.javaschool.edu.Application [main] Running with Spring Boot v2.1.6.RELEASE, Spring v5.1.8.RELEASE
2019-07-26 12:22:23,022 INFO ru.sberbank.javaschool.edu.Application [main] The following profiles are active: dev
2019-07-26 12:22:29,133 INFO ru.sberbank.javaschool.edu.Application [main] Started Application in 7.492 seconds (JVM running for 8.172)
2019-07-26 12:23:44,811 INFO ru.sberbank.javaschool.edu.Application [main] Starting Application on w8-PC with PID 8256 (D:\PROJECTS\Development\GIT\SbrProject\out\production\classes started by w8 in D:\PROJECTS\Development\GIT\SbrProject)
2019-07-26 12:23:44,814 DEBUG ru.sberbank.javaschool.edu.Application [main] Running with Spring Boot v2.1.6.RELEASE, Spring v5.1.8.RELEASE
2019-07-26 12:23:44,814 INFO ru.sberbank.javaschool.edu.Application [main] The following profiles are active: dev
2019-07-26 12:23:53,370 INFO ru.sberbank.javaschool.edu.Application [main] Starting Application on w8-PC with PID 12228 (D:\PROJECTS\Development\GIT\SbrProject\out\production\classes started by w8 in D:\PROJECTS\Development\GIT\SbrProject)
2019-07-26 12:23:53,372 DEBUG ru.sberbank.javaschool.edu.Application [main] Running with Spring Boot v2.1.6.RELEASE, Spring v5.1.8.RELEASE
2019-07-26 12:23:53,374 INFO ru.sberbank.javaschool.edu.Application [main] The following profiles are active: dev
2019-07-26 12:23:59,681 INFO ru.sberbank.javaschool.edu.Application [main] Started Application in 7.289 seconds (JVM running for 7.899)
2019-07-26 12:30:10,114 INFO ru.sberbank.javaschool.edu.Application [main] Starting Application on w8-PC with PID 7512 (D:\PROJECTS\Development\GIT\SbrProject\out\production\classes started by w8 in D:\PROJECTS\Development\GIT\SbrProject)
2019-07-26 12:30:10,115 DEBUG ru.sberbank.javaschool.edu.Application [main] Running with Spring Boot v2.1.6.RELEASE, Spring v5.1.8.RELEASE
2019-07-26 12:30:10,115 INFO ru.sberbank.javaschool.edu.Application [main] The following profiles are active: dev
2019-07-26 12:30:16,493 INFO ru.sberbank.javaschool.edu.Application [main] Started Application in 7.218 seconds (JVM running for 7.934)
2019-07-26 12:31:56,386 INFO ru.sberbank.javaschool.edu.Application [main] Starting Application on w8-PC with PID 8604 (D:\PROJECTS\Development\GIT\SbrProject\out\production\classes started by w8 in D:\PROJECTS\Development\GIT\SbrProject)
2019-07-26 12:31:56,388 DEBUG ru.sberbank.javaschool.edu.Application [main] Running with Spring Boot v2.1.6.RELEASE, Spring v5.1.8.RELEASE
2019-07-26 12:31:56,388 INFO ru.sberbank.javaschool.edu.Application [main] The following profiles are active: dev
2019-07-26 12:32:02,743 INFO ru.sberbank.javaschool.edu.Application [main] Started Application in 7.167 seconds (JVM running for 7.832)
2019-07-26 12:32:44,957 INFO ru.sberbank.javaschool.edu.Application [main] Starting Application on w8-PC with PID 1200 (D:\PROJECTS\Development\GIT\SbrProject\out\production\classes started by w8 in D:\PROJECTS\Development\GIT\SbrProject)
2019-07-26 12:32:44,959 DEBUG ru.sberbank.javaschool.edu.Application [main] Running with Spring Boot v2.1.6.RELEASE, Spring v5.1.8.RELEASE
2019-07-26 12:32:44,959 INFO ru.sberbank.javaschool.edu.Application [main] The following profiles are active: dev
2019-07-26 12:32:59,967 INFO ru.sberbank.javaschool.edu.Application [main] Started Application in 15.813 seconds (JVM running for 16.443)
2019-07-26 12:33:35,109 INFO ru.sberbank.javaschool.edu.service.PublicationFileService [http-nio-8080-exec-3] Successfully save file to YDisk, filename: c96100bc-4280-497a-a764-b60b2cba184b_logo.png
2019-07-26 12:33:35,373 INFO ru.sberbank.javaschool.edu.service.PublicationFileService [http-nio-8080-exec-3] Successfully save pubfile to DB, filename: c96100bc-4280-497a-a764-b60b2cba184b_logo.png
2019-07-26 12:49:45,999 INFO ru.sberbank.javaschool.edu.Application [main] Starting Application on w8-PC with PID 10488 (D:\PROJECTS\Development\GIT\SbrProject\out\production\classes started by w8 in D:\PROJECTS\Development\GIT\SbrProject)
2019-07-26 12:49:46,000 DEBUG ru.sberbank.javaschool.edu.Application [main] Running with Spring Boot v2.1.6.RELEASE, Spring v5.1.8.RELEASE
2019-07-26 12:49:46,000 INFO ru.sberbank.javaschool.edu.Application [main] The following profiles are active: dev
2019-07-26 12:50:00,284 INFO ru.sberbank.javaschool.edu.Application [main] Started Application in 15.052 seconds (JVM running for 15.715)
2019-07-26 12:50:43,724 INFO ru.sberbank.javaschool.edu.Application [main] Starting Application on w8-PC with PID 10316 (D:\PROJECTS\Development\GIT\SbrProject\out\production\classes started by w8 in D:\PROJECTS\Development\GIT\SbrProject)
2019-07-26 12:50:43,725 DEBUG ru.sberbank.javaschool.edu.Application [main] Running with Spring Boot v2.1.6.RELEASE, Spring v5.1.8.RELEASE
2019-07-26 12:50:43,726 INFO ru.sberbank.javaschool.edu.Application [main] The following profiles are active: dev
2019-07-26 12:50:50,156 INFO ru.sberbank.javaschool.edu.Application [main] Started Application in 7.39 seconds (JVM running for 8.104)
